<?xml version="1.0" encoding="UTF-8"?>
<!-- Generated by org.testng.reporters.JUnitXMLReporter -->
<testsuite hostname="DESKTOP-K29RTIE" failures="0" tests="3" name="different testng Feature Test" time="18.153" errors="0" timestamp="18 May 2021 18:20:49 GMT">
  <testcase classname="com.test.HalfEbayTest" name="loginTest" time="0.02"/>
  <testcase classname="com.test.HalfEbayTest" name="pageLoad" time="0.001"/>
  <testcase classname="com.test.HalfEbayTest2" name="mailLinkTest" time="0.113"/>
</testsuite> <!-- different testng Feature Test -->
