<?xml version="1.0" encoding="UTF-8"?>
<testng-results total="3" passed="3" failed="0" skipped="0">
  <reporter-output>
  </reporter-output>
  <suite started-at="2021-06-01T18:23:07Z" name="HalfEbayTest Test Automation suite" finished-at="2021-06-01T18:23:17Z" duration-ms="10406">
    <groups>
    </groups>
    <test started-at="2021-06-01T18:23:07Z" name="HalfEbayTest parameter Feature Test" finished-at="2021-06-01T18:23:17Z" duration-ms="10406">
      <class name="com.test.HalfEbayTest2">
        <test-method is-config="true" signature="setUp()[pri:0, instance:com.test.HalfEbayTest2@124c278f]" started-at="2021-06-01T23:53:12Z" name="setUp" finished-at="2021-06-01T23:53:14Z" duration-ms="2193" status="PASS">
          <reporter-output>
          </reporter-output>
        </test-method> <!-- setUp -->
        <test-method signature="mailLinkTest()[pri:0, instance:com.test.HalfEbayTest2@124c278f]" started-at="2021-06-01T23:53:14Z" name="mailLinkTest" finished-at="2021-06-01T23:53:14Z" duration-ms="2" status="PASS">
          <reporter-output>
          </reporter-output>
        </test-method> <!-- mailLinkTest -->
        <test-method is-config="true" signature="tearDown()[pri:0, instance:com.test.HalfEbayTest2@124c278f]" started-at="2021-06-01T23:53:14Z" name="tearDown" finished-at="2021-06-01T23:53:15Z" duration-ms="796" status="PASS">
          <reporter-output>
          </reporter-output>
        </test-method> <!-- tearDown -->
        <test-method is-config="true" signature="setUp()[pri:0, instance:com.test.HalfEbayTest2@124c278f]" started-at="2021-06-01T23:53:15Z" name="setUp" finished-at="2021-06-01T23:53:17Z" duration-ms="1717" status="PASS">
          <reporter-output>
          </reporter-output>
        </test-method> <!-- setUp -->
        <test-method signature="logoLinkTest()[pri:0, instance:com.test.HalfEbayTest2@124c278f]" started-at="2021-06-01T23:53:17Z" name="logoLinkTest" finished-at="2021-06-01T23:53:17Z" duration-ms="2" status="PASS">
          <reporter-output>
          </reporter-output>
        </test-method> <!-- logoLinkTest -->
        <test-method is-config="true" signature="tearDown()[pri:0, instance:com.test.HalfEbayTest2@124c278f]" started-at="2021-06-01T23:53:17Z" name="tearDown" finished-at="2021-06-01T23:53:17Z" duration-ms="665" status="PASS">
          <reporter-output>
          </reporter-output>
        </test-method> <!-- tearDown -->
      </class> <!-- com.test.HalfEbayTest2 -->
      <class name="com.test.HalfEbayTest">
        <test-method signature="loginTest(java.lang.String, java.lang.String)[pri:0, instance:com.test.HalfEbayTest@12d4bf7e]" started-at="2021-06-01T23:53:07Z" name="loginTest" finished-at="2021-06-01T23:53:12Z" duration-ms="5004" status="PASS">
          <params>
            <param index="0">
              <value>
                <![CDATA[http://www.google.com]]>
              </value>
            </param>
            <param index="1">
              <value>
                <![CDATA[test@1234]]>
              </value>
            </param>
          </params>
          <reporter-output>
          </reporter-output>
        </test-method> <!-- loginTest -->
      </class> <!-- com.test.HalfEbayTest -->
    </test> <!-- HalfEbayTest parameter Feature Test -->
  </suite> <!-- HalfEbayTest Test Automation suite -->
</testng-results>
