<?xml version="1.0" encoding="UTF-8"?>
<!-- Generated by org.testng.reporters.JUnitXMLReporter -->
<testsuite hostname="DESKTOP-K29RTIE" failures="0" tests="3" name="HalfEbayTest parameter Feature Test" time="10.406" errors="0" timestamp="1 Jun 2021 18:23:17 GMT">
  <testcase classname="com.test.HalfEbayTest" name="loginTest" time="5.004"/>
  <testcase classname="com.test.HalfEbayTest2" name="mailLinkTest" time="0.002"/>
  <testcase classname="com.test.HalfEbayTest2" name="logoLinkTest" time="0.002"/>
</testsuite> <!-- HalfEbayTest parameter Feature Test -->
